<?xml version="1.0" encoding="UTF-8"?>
<!-- Generated by org.testng.reporters.JUnitXMLReporter -->
<testsuite ignored="0" hostname="DESKTOP-5GPDUKO" failures="0" tests="3" name="TestNG" time="0.082" errors="0" timestamp="2022-05-29T11:30:26 IST">
  <testcase classname="com.anto.testng.testNgnew" name="test" time="0.007"/>
  <testcase classname="com.anto.testng.testNgnew" name="test1" time="0.004"/>
  <testcase classname="com.anto.testng.testNgnew" name="test2" time="0.005"/>
</testsuite> <!-- TestNG -->
